This is pdfTeX, Version 3.1415926-2.4-1.40.13 (MiKTeX 2.9) (preloaded format=pdflatex 2013.3.6)  28 JUN 2014 12:57
entering extended mode
**ResidualAnalysiswithR.tex
(C:\Users\Kevin\Dropbox\Public\RSTATS\Residuals\ResidualAnalysiswithR.tex
LaTeX2e <2011/06/27>
Babel <v3.8m> and hyphenation patterns for english, afrikaans, ancientgreek, ar
abic, armenian, assamese, basque, bengali, bokmal, bulgarian, catalan, coptic, 
croatian, czech, danish, dutch, esperanto, estonian, farsi, finnish, french, ga
lician, german, german-x-2012-05-30, greek, gujarati, hindi, hungarian, iceland
ic, indonesian, interlingua, irish, italian, kannada, kurmanji, latin, latvian,
 lithuanian, malayalam, marathi, mongolian, mongolianlmc, monogreek, ngerman, n
german-x-2012-05-30, nynorsk, oriya, panjabi, pinyin, polish, portuguese, roman
ian, russian, sanskrit, serbian, slovak, slovenian, spanish, swedish, swissgerm
an, tamil, telugu, turkish, turkmen, ukenglish, ukrainian, uppersorbian, usengl
ishmax, welsh, loaded.
("C:\Program Files\MiKTeX 2.9\tex\latex\base\article.cls"
Document Class: article 2007/10/19 v1.4h Standard LaTeX document class
("C:\Program Files\MiKTeX 2.9\tex\latex\base\size12.clo"
File: size12.clo 2007/10/19 v1.4h Standard LaTeX file (size option)
)
\c@part=\count79
\c@section=\count80
\c@subsection=\count81
\c@subsubsection=\count82
\c@paragraph=\count83
\c@subparagraph=\count84
\c@figure=\count85
\c@table=\count86
\abovecaptionskip=\skip41
\belowcaptionskip=\skip42
\bibindent=\dimen102
)
("C:\Program Files\MiKTeX 2.9\tex\latex\graphics\epsfig.sty"
Package: epsfig 1999/02/16 v1.7a (e)psfig emulation (SPQR)

("C:\Program Files\MiKTeX 2.9\tex\latex\graphics\graphicx.sty"
Package: graphicx 1999/02/16 v1.0f Enhanced LaTeX Graphics (DPC,SPQR)

("C:\Program Files\MiKTeX 2.9\tex\latex\graphics\keyval.sty"
Package: keyval 1999/03/16 v1.13 key=value parser (DPC)
\KV@toks@=\toks14
)
("C:\Program Files\MiKTeX 2.9\tex\latex\graphics\graphics.sty"
Package: graphics 2009/02/05 v1.0o Standard LaTeX Graphics (DPC,SPQR)

("C:\Program Files\MiKTeX 2.9\tex\latex\graphics\trig.sty"
Package: trig 1999/03/16 v1.09 sin cos tan (DPC)
)
("C:\Program Files\MiKTeX 2.9\tex\latex\00miktex\graphics.cfg"
File: graphics.cfg 2007/01/18 v1.5 graphics configuration of teTeX/TeXLive
)
Package graphics Info: Driver file: pdftex.def on input line 91.

("C:\Program Files\MiKTeX 2.9\tex\latex\pdftex-def\pdftex.def"
File: pdftex.def 2011/05/27 v0.06d Graphics/color for pdfTeX

("C:\Program Files\MiKTeX 2.9\tex\generic\oberdiek\infwarerr.sty"
Package: infwarerr 2010/04/08 v1.3 Providing info/warning/error messages (HO)
)
("C:\Program Files\MiKTeX 2.9\tex\generic\oberdiek\ltxcmds.sty"
Package: ltxcmds 2011/11/09 v1.22 LaTeX kernel commands for general use (HO)
)
\Gread@gobject=\count87
))
\Gin@req@height=\dimen103
\Gin@req@width=\dimen104
)
\epsfxsize=\dimen105
\epsfysize=\dimen106
)
("C:\Program Files\MiKTeX 2.9\tex\latex\subfigure\subfigure.sty"
Package: subfigure 2002/07/30 v2.1.4 subfigure package
\subfigtopskip=\skip43
\subfigcapskip=\skip44
\subfigcaptopadj=\dimen107
\subfigbottomskip=\skip45
\subfigcapmargin=\dimen108
\subfiglabelskip=\skip46
\c@subfigure=\count88
\c@lofdepth=\count89
\c@subtable=\count90
\c@lotdepth=\count91

****************************************
* Local config file subfigure.cfg used *
****************************************
("C:\Program Files\MiKTeX 2.9\tex\latex\subfigure\subfigure.cfg")
\subfig@top=\skip47
\subfig@bottom=\skip48
)
("C:\Program Files\MiKTeX 2.9\tex\latex\amsfonts\amssymb.sty"
Package: amssymb 2009/06/22 v3.00

("C:\Program Files\MiKTeX 2.9\tex\latex\amsfonts\amsfonts.sty"
Package: amsfonts 2009/06/22 v3.00 Basic AMSFonts support
\@emptytoks=\toks15
\symAMSa=\mathgroup4
\symAMSb=\mathgroup5
LaTeX Font Info:    Overwriting math alphabet `\mathfrak' in version `bold'
(Font)                  U/euf/m/n --> U/euf/b/n on input line 96.
))
("C:\Program Files\MiKTeX 2.9\tex\latex\ams\math\amsbsy.sty"
Package: amsbsy 1999/11/29 v1.2d

("C:\Program Files\MiKTeX 2.9\tex\latex\ams\math\amsgen.sty"
File: amsgen.sty 1999/11/30 v2.0
\@emptytoks=\toks16
\ex@=\dimen109
)
\pmbraise@=\dimen110
)
("C:\Program Files\MiKTeX 2.9\tex\latex\ams\classes\amsthm.sty"
Package: amsthm 2004/08/06 v2.20
\thm@style=\toks17
\thm@bodyfont=\toks18
\thm@headfont=\toks19
\thm@notefont=\toks20
\thm@headpunct=\toks21
\thm@preskip=\skip49
\thm@postskip=\skip50
\thm@headsep=\skip51
\dth@everypar=\toks22
)
("C:\Program Files\MiKTeX 2.9\tex\latex\framed\framed.sty"
Package: framed 2011/10/22 v 0.96: framed or shaded text with page breaks
\OuterFrameSep=\skip52
\fb@frw=\dimen111
\fb@frh=\dimen112
\FrameRule=\dimen113
\FrameSep=\dimen114
)
("C:\Program Files\MiKTeX 2.9\tex\latex\ams\math\amsmath.sty"
Package: amsmath 2000/07/18 v2.13 AMS math features
\@mathmargin=\skip53

For additional information on amsmath, use the `?' option.
("C:\Program Files\MiKTeX 2.9\tex\latex\ams\math\amstext.sty"
Package: amstext 2000/06/29 v2.01
)
("C:\Program Files\MiKTeX 2.9\tex\latex\ams\math\amsopn.sty"
Package: amsopn 1999/12/14 v2.01 operator names
)
\inf@bad=\count92
LaTeX Info: Redefining \frac on input line 211.
\uproot@=\count93
\leftroot@=\count94
LaTeX Info: Redefining \overline on input line 307.
\classnum@=\count95
\DOTSCASE@=\count96
LaTeX Info: Redefining \ldots on input line 379.
LaTeX Info: Redefining \dots on input line 382.
LaTeX Info: Redefining \cdots on input line 467.
\Mathstrutbox@=\box26
\strutbox@=\box27
\big@size=\dimen115
LaTeX Font Info:    Redeclaring font encoding OML on input line 567.
LaTeX Font Info:    Redeclaring font encoding OMS on input line 568.
\macc@depth=\count97
\c@MaxMatrixCols=\count98
\dotsspace@=\muskip10
\c@parentequation=\count99
\dspbrk@lvl=\count100
\tag@help=\toks23
\row@=\count101
\column@=\count102
\maxfields@=\count103
\andhelp@=\toks24
\eqnshift@=\dimen116
\alignsep@=\dimen117
\tagshift@=\dimen118
\tagwidth@=\dimen119
\totwidth@=\dimen120
\lineht@=\dimen121
\@envbody=\toks25
\multlinegap=\skip54
\multlinetaggap=\skip55
\mathdisplay@stack=\toks26
LaTeX Info: Redefining \[ on input line 2666.
LaTeX Info: Redefining \] on input line 2667.
)
("C:\Program Files\MiKTeX 2.9\tex\latex\natbib\natbib.sty"
Package: natbib 2010/09/13 8.31b (PWD, AO)
\bibhang=\skip56
\bibsep=\skip57
LaTeX Info: Redefining \cite on input line 694.
\c@NAT@ctr=\count104
)
\c@theorem=\count105
\c@axiom=\count106
\c@definition=\count107
\c@notation=\count108
\c@remark=\count109
\c@example=\count110

(C:\Users\Kevin\Dropbox\Public\RSTATS\Residuals\ResidualAnalysiswithR.aux)
LaTeX Font Info:    Checking defaults for OML/cmm/m/it on input line 49.
LaTeX Font Info:    ... okay on input line 49.
LaTeX Font Info:    Checking defaults for T1/cmr/m/n on input line 49.
LaTeX Font Info:    ... okay on input line 49.
LaTeX Font Info:    Checking defaults for OT1/cmr/m/n on input line 49.
LaTeX Font Info:    ... okay on input line 49.
LaTeX Font Info:    Checking defaults for OMS/cmsy/m/n on input line 49.
LaTeX Font Info:    ... okay on input line 49.
LaTeX Font Info:    Checking defaults for OMX/cmex/m/n on input line 49.
LaTeX Font Info:    ... okay on input line 49.
LaTeX Font Info:    Checking defaults for U/cmr/m/n on input line 49.
LaTeX Font Info:    ... okay on input line 49.

("C:\Program Files\MiKTeX 2.9\tex\context\base\supp-pdf.mkii"
[Loading MPS to PDF converter (version 2006.09.02).]
\scratchcounter=\count111
\scratchdimen=\dimen122
\scratchbox=\box28
\nofMPsegments=\count112
\nofMParguments=\count113
\everyMPshowfont=\toks27
\MPscratchCnt=\count114
\MPscratchDim=\dimen123
\MPnumerator=\count115
\makeMPintoPDFobject=\count116
\everyMPtoPDFconversion=\toks28
)
LaTeX Font Info:    Try loading font information for U+msa on input line 51.
 ("C:\Program Files\MiKTeX 2.9\tex\latex\amsfonts\umsa.fd"
File: umsa.fd 2009/06/22 v3.00 AMS symbols A
)
LaTeX Font Info:    Try loading font information for U+msb on input line 51.

("C:\Program Files\MiKTeX 2.9\tex\latex\amsfonts\umsb.fd"
File: umsb.fd 2009/06/22 v3.00 AMS symbols B
)
(C:\Users\Kevin\Dropbox\Public\RSTATS\Residuals\ResidualAnalysiswithR.toc
[1

{C:/ProgramData/MiKTeX/2.9/pdftex/config/pdftex.map}]
LaTeX Font Info:    Font shape `OT1/cmtt/bx/n' in size <12> not available
(Font)              Font shape `OT1/cmtt/m/n' tried instead on input line 21.
 [2] [3])
\tf@toc=\write3
 [4] [5]
[6] [7]
Missing character: There is no ‚ in font cmr12!
Missing character: There is no Ä in font cmr12!
Missing character: There is no ú in font cmr12!
Missing character: There is no ‚ in font cmr12!
Missing character: There is no Ä in font cmr12!
Missing character: There is no ù in font cmr12!
LaTeX Font Info:    Try loading font information for OMS+cmr on input line 112.

 ("C:\Program Files\MiKTeX 2.9\tex\latex\base\omscmr.fd"
File: omscmr.fd 1999/05/25 v2.5h Standard LaTeX font definitions
)
LaTeX Font Info:    Font shape `OMS/cmr/m/n' in size <12> not available
(Font)              Font shape `OMS/cmsy/m/n' tried instead on input line 112.
Missing character: There is no ‚ in font cmr12!
Missing character: There is no Ä in font cmr12!
Missing character: There is no ô in font cmr12!

Overfull \hbox (11.82733pt too wide) in paragraph at lines 126--127
\OT1/cmr/m/n/12 Adjacent resid-u-als should not be cor-re-lated with each other
 (\OT1/cmr/bx/n/12 autocorrelation\OT1/cmr/m/n/12 ).
 []

[8] [9]
Overfull \hbox (0.32974pt too wide) in paragraph at lines 163--165
\OT1/cmr/m/it/12 ex-ter-nal stu-den-ti-za-tion\OT1/cmr/m/n/12 `external stu-den
-ti-za-tion'. This is usu-ally ac-com-plished
 []

[10] [11] [12]
Missing character: There is no ‚ in font cmr12!
Missing character: There is no Ä in font cmr12!
Missing character: There is no ì in font cmr12!
Missing character: There is no ‚ in font cmr12!
Missing character: There is no Ä in font cmr12!
Missing character: There is no ì in font cmr12!
Missing character: There is no ‚ in font cmr12!
Missing character: There is no Ä in font cmr12!
Missing character: There is no ì in font cmr12!
Missing character: There is no ‚ in font cmr12!
Missing character: There is no Ä in font cmr12!
Missing character: There is no ì in font cmr12!
 [13]
Missing character: There is no ‚ in font cmbx12!
Missing character: There is no Ä in font cmbx12!
Missing character: There is no ô in font cmbx12!
Missing character: There is no ‚ in font cmr12!
Missing character: There is no Ä in font cmr12!
Missing character: There is no ì in font cmr12!
Missing character: There is no ‚ in font cmr12!
Missing character: There is no à in font cmr12!
Missing character: There is no í in font cmr12!
Missing character: There is no ‚ in font cmr12!
Missing character: There is no à in font cmr12!
Missing character: There is no í in font cmr12!
 [14] [15]
LaTeX Font Info:    Font shape `OT1/cmtt/bx/n' in size <17.28> not available
(Font)              Font shape `OT1/cmtt/m/n' tried instead on input line 237.

Overfull \hbox (116.35025pt too wide) in paragraph at lines 244--244
[]\OT1/cmtt/m/n/12 (1) Fox, John. (1991). Regression Diagnostics: An Introducti
on. Sage Publications.[] 
 []

[16] <./mtcarsSpreadLevelPlot.jpeg, id=64, 1027.84pt x 484.81125pt>
File: ./mtcarsSpreadLevelPlot.jpeg Graphic file (type jpg)

<use ./mtcarsSpreadLevelPlot.jpeg>
Package pdftex.def Info: ./mtcarsSpreadLevelPlot.jpeg used on input line 299.
(pdftex.def)             Requested size: 272.99881pt x 128.77026pt.
 [17 <C:/Users/Kevin/Dropbox/Public/RSTATS/Residuals/mtcarsSpreadLevelPlot.jpeg
>]
Overfull \hbox (345.10034pt too wide) in paragraph at lines 319--319
[]\OT1/cmtt/m/n/12 influencePlot(fit, id.method="identify", main="Influence Plo
t", sub="Circle size is proportial to Cook's Distance" )[] 
 []

[18] [19] [20] [21]
Missing character: There is no ‚ in font cmr12!
Missing character: There is no Ä in font cmr12!
Missing character: There is no ò in font cmr12!
Missing character: There is no ‚ in font cmr12!
Missing character: There is no Ä in font cmr12!
Missing character: There is no ô in font cmr12!
Missing character: There is no ‚ in font cmr12!
Missing character: There is no Ä in font cmr12!
Missing character: There is no ò in font cmr12!
Missing character: There is no ‚ in font cmr12!
Missing character: There is no Ä in font cmr12!
Missing character: There is no ô in font cmr12!
 <./mtcarsDiagPlot1.jpeg, id=81, 1027.84pt x 484.81125pt>
File: ./mtcarsDiagPlot1.jpeg Graphic file (type jpg)

<use ./mtcarsDiagPlot1.jpeg>
Package pdftex.def Info: ./mtcarsDiagPlot1.jpeg used on input line 389.
(pdftex.def)             Requested size: 350.99762pt x 165.55861pt.


LaTeX Warning: `!h' float specifier changed to `!ht'.

[22] <./mtcarsDiagPlot2.jpeg, id=85, 1027.84pt x 484.81125pt>
File: ./mtcarsDiagPlot2.jpeg Graphic file (type jpg)

<use ./mtcarsDiagPlot2.jpeg>
Package pdftex.def Info: ./mtcarsDiagPlot2.jpeg used on input line 397.
(pdftex.def)             Requested size: 350.99762pt x 165.55861pt.

<./mtcarsDiagPlot3.jpeg, id=86, 1027.84pt x 484.81125pt>
File: ./mtcarsDiagPlot3.jpeg Graphic file (type jpg)

<use ./mtcarsDiagPlot3.jpeg>
Package pdftex.def Info: ./mtcarsDiagPlot3.jpeg used on input line 406.
(pdftex.def)             Requested size: 350.99762pt x 165.55861pt.


LaTeX Warning: `!h' float specifier changed to `!ht'.

[23 <C:/Users/Kevin/Dropbox/Public/RSTATS/Residuals/mtcarsDiagPlot1.jpeg> <C:/U
sers/Kevin/Dropbox/Public/RSTATS/Residuals/mtcarsDiagPlot2.jpeg>]
<./mtcarsDiagPlot4.jpeg, id=90, 1027.84pt x 484.81125pt>
File: ./mtcarsDiagPlot4.jpeg Graphic file (type jpg)

<use ./mtcarsDiagPlot4.jpeg>
Package pdftex.def Info: ./mtcarsDiagPlot4.jpeg used on input line 415.
(pdftex.def)             Requested size: 350.99762pt x 165.55861pt.

<./mtcarsDiagPlot5.jpeg, id=91, 1027.84pt x 484.81125pt>
File: ./mtcarsDiagPlot5.jpeg Graphic file (type jpg)

<use ./mtcarsDiagPlot5.jpeg>
Package pdftex.def Info: ./mtcarsDiagPlot5.jpeg used on input line 423.
(pdftex.def)             Requested size: 350.99762pt x 165.55861pt.

<./mtcarsDiagPlot6.jpeg, id=92, 1027.84pt x 484.81125pt>
File: ./mtcarsDiagPlot6.jpeg Graphic file (type jpg)

<use ./mtcarsDiagPlot6.jpeg>
Package pdftex.def Info: ./mtcarsDiagPlot6.jpeg used on input line 432.
(pdftex.def)             Requested size: 350.99762pt x 165.55861pt.
 [24 <C:/Users/Kevin/Dropbox/Public/RSTATS/Residuals/mtcarsDiagPlot3.jpeg> <C:/
Users/Kevin/Dropbox/Public/RSTATS/Residuals/mtcarsDiagPlot4.jpeg> <C:/Users/Kev
in/Dropbox/Public/RSTATS/Residuals/mtcarsDiagPlot5.jpeg>] [25 <C:/Users/Kevin/D
ropbox/Public/RSTATS/Residuals/mtcarsDiagPlot6.jpeg>]
Missing character: There is no Ô in font cmr12!
Missing character: There is no ¨ in font cmr12!
Missing character: There is no Ç in font cmr12!
 [26]

Package amsmath Warning: Foreign command \over;
(amsmath)                \frac or \genfrac should be used instead
(amsmath)                 on input line 485.

[27] [28] [29] [30] [31]
Missing character: There is no ‚ in font cmr12!
Missing character: There is no Ä in font cmr12!
Missing character: There is no ô in font cmr12!
Missing character: There is no ‚ in font cmr12!
Missing character: There is no Ä in font cmr12!
Missing character: There is no ô in font cmr12!
Missing character: There is no ‚ in font cmr12!
Missing character: There is no Ä in font cmr12!
Missing character: There is no ô in font cmr12!
 [32]
LaTeX Font Info:    Font shape `OT1/cmtt/bx/n' in size <14.4> not available
(Font)              Font shape `OT1/cmtt/m/n' tried instead on input line 627.
 [33]
Overfull \hbox (17.82518pt too wide) in paragraph at lines 656--656
[] \OT1/cmtt/m/n/12 rlm(stack.loss ~ ., stackloss, psi = psi.hampel, init = "lt
s")[] 
 []


Overfull \hbox (5.2002pt too wide) in paragraph at lines 672--672
[]\OT1/cmtt/m/n/12 > rlm(stack.loss ~ ., stackloss, psi = psi.hampel, init = "l
ts")[] 
 []


Overfull \hbox (11.3752pt too wide) in paragraph at lines 672--672
[]\OT1/cmtt/m/n/12 rlm(formula = stack.loss ~ ., data = stackloss, psi = psi.ha
mpel,[] 
 []

[34]
Overfull \hbox (23.7252pt too wide) in paragraph at lines 705--705
[]\OT1/cmtt/m/n/12 rlm(formula = stack.loss ~ ., data = stackloss, psi = psi.bi
square)[] 
 []

[35]
Missing character: There is no ‚ in font cmr12!
Missing character: There is no Ä in font cmr12!
Missing character: There is no ô in font cmr12!
Missing character: There is no ‚ in font cmr12!
Missing character: There is no Ä in font cmr12!
Missing character: There is no ì in font cmr12!

Overfull \hbox (1.45844pt too wide) in paragraph at lines 721--722
[]\OT1/cmr/m/n/12 Also we will look at an al-ter-na-tive weight-ing ap-proach t
o Hu-bers weight-
 []

[36]
Missing character: There is no ‚ in font cmr12!
Missing character: There is no Ä in font cmr12!
Missing character: There is no ô in font cmr12!
 [37]
Overfull \hbox (24.00018pt too wide) in paragraph at lines 779--779
[]\OT1/cmtt/m/n/12 > hweights <- data.frame(Taste = Taste, resid = FitAll.rr$re
sid,[] 
 []

[38]
Overfull \hbox (61.0502pt too wide) in paragraph at lines 806--806
[]\OT1/cmtt/m/n/12 > FitAll.rr.2 = rlm(Taste ~ Acetic + H2S + Lactic, psi = psi
.bisquare)[] 
 []


Overfull \hbox (42.25021pt too wide) in paragraph at lines 824--824
[]\OT1/cmtt/m/n/12 Call: rlm(formula = Taste ~ Acetic + H2S + Lactic, psi = psi
.bisquare)[] 
 []

[39] [40] [41]
Overfull \hbox (7.44186pt too wide) in paragraph at lines 862--862
[]\OT1/cmr/bx/n/17.28 Residual Anal-y-sis for GLMs (Op-tional Sec-
 []

[42] [43] [44]

Package natbib Warning: Citation `Zewotir' on page 45 undefined on input line 9
33.

[45] [46] [47]

Package natbib Warning: Citation `BA83' on page 48 undefined on input line 1015
.

[48] [49] [50]
No file ResidualAnalysiswithR.bbl.

Package natbib Warning: There were undefined citations.

[51] (C:\Users\Kevin\Dropbox\Public\RSTATS\Residuals\ResidualAnalysiswithR.aux)
 ) 
Here is how much of TeX's memory you used:
 2805 strings out of 493921
 35232 string characters out of 3147283
 89892 words of memory out of 3000000
 6057 multiletter control sequences out of 15000+200000
 16606 words of font info for 63 fonts, out of 3000000 for 9000
 841 hyphenation exceptions out of 8191
 34i,11n,24p,739b,247s stack positions out of 5000i,500n,10000p,200000b,50000s
<C:/Program Files/MiKTeX 2.9/fonts/type1/public/amsfonts/cm/cmbx12.pfb><C:/Pr
ogram Files/MiKTeX 2.9/fonts/type1/public/amsfonts/cm/cmbxti10.pfb><C:/Program 
Files/MiKTeX 2.9/fonts/type1/public/amsfonts/cm/cmex10.pfb><C:/Program Files/Mi
KTeX 2.9/fonts/type1/public/amsfonts/cm/cmmi12.pfb><C:/Program Files/MiKTeX 2.9
/fonts/type1/public/amsfonts/cm/cmmi8.pfb><C:/Program Files/MiKTeX 2.9/fonts/ty
pe1/public/amsfonts/cm/cmmib10.pfb><C:/Program Files/MiKTeX 2.9/fonts/type1/pub
lic/amsfonts/cm/cmr12.pfb><C:/Program Files/MiKTeX 2.9/fonts/type1/public/amsfo
nts/cm/cmr17.pfb><C:/Program Files/MiKTeX 2.9/fonts/type1/public/amsfonts/cm/cm
r8.pfb><C:/Program Files/MiKTeX 2.9/fonts/type1/public/amsfonts/cm/cmsy10.pfb><
C:/Program Files/MiKTeX 2.9/fonts/type1/public/amsfonts/cm/cmsy8.pfb><C:/Progra
m Files/MiKTeX 2.9/fonts/type1/public/amsfonts/cm/cmti12.pfb><C:/Program Files/
MiKTeX 2.9/fonts/type1/public/amsfonts/cm/cmtt12.pfb>
Output written on ResidualAnalysiswithR.pdf (51 pages, 845235 bytes).
PDF statistics:
 226 PDF objects out of 1000 (max. 8388607)
 0 named destinations out of 1000 (max. 500000)
 36 words of extra memory for PDF output out of 10000 (max. 10000000)

